<?xml version="1.0" encoding="UTF-8"?>
<!-- Generated by org.testng.reporters.JUnitReportReporter -->
<testsuite hostname="Admin" failures="0" tests="1" name="javascriptExecutor.JavaScriptExecutor" time="15.641" errors="0" timestamp="2023-02-02T11:10:34 ICT" skipped="0">
  <testcase classname="javascriptExecutor.JavaScriptExecutor" name="executorTest" time="15.641"/>
  <system-out/>
</testsuite> <!-- javascriptExecutor.JavaScriptExecutor -->
