<?xml version="1.0" encoding="UTF-8"?>
<!-- Generated by org.testng.reporters.JUnitReportReporter -->
<testsuite hostname="ShiroNeeko" failures="0" tests="1" name="javascriptExecutor.JavaScriptExecutor" time="11.758" errors="0" timestamp="2023-02-03T01:35:32 ICT" skipped="0">
  <testcase classname="javascriptExecutor.JavaScriptExecutor" name="executorTest" time="11.758"/>
  <system-out/>
</testsuite> <!-- javascriptExecutor.JavaScriptExecutor -->
